  1>Checking Build System
  CMake is re-running because generate.stamp.list is missing.
  -- Building for: Visual Studio 17 2022
  -- The CXX compiler identification is MSVC 19.38.33130.0
  -- Detecting CXX compiler ABI info
  -- Detecting CXX compiler ABI info - done
  -- Check for working CXX compiler: C:/Program Files/Microsoft Visual Studio/2022/Community/VC/Tools/MSVC/14.38.33130/bin/Hostx64/x64/cl.exe - skipped
  -- Detecting CXX compile features
  -- Detecting CXX compile features - done
  -- Found OpenGL: opengl32   
  -- [Engine Debug] Cmake Install Prefix: C:/Users/sande/Documents/CPP projects/Elypso engine/install
  -- [Engine Debug] GLFW Library File: C:/Users/sande/Documents/CPP projects/Elypso engine/lib/glfw3.lib
  -- [Engine Debug] OpenGL Include Directories: 
  -- [Engine Debug] List of Source Files:
  --     C:/Users/sande/Documents/CPP projects/Elypso engine/src/Main.cpp
  --     C:/Users/sande/Documents/CPP projects/Elypso engine/src/glad/glad.c
  -- [Engine Debug] CMake Build Type: Release
  -- [Engine Debug] C++ Compiler ID: MSVC
  -- [Engine Debug] C++ Compiler Version: 19.38.33130.0
  -- [Engine Debug] Project Version: 0.0.1
  -- Configuring done (1.3s)
  -- Generating done (0.1s)
  -- Build files have been written to: C:/Users/sande/Documents/CPP projects/Elypso engine
